videotest: font video gfxmenu
loopback: extcmd
gcry_des: crypto
memrw: extcmd
terminfo: extcmd
part_gpt:
read:
lsefimmap:
gcry_arcfour: crypto
aout:
elf:
password_pbkdf2: crypto gcry_sha512 pbkdf2 normal
gcry_seed: crypto
bsd: elf serial extcmd video aout boot cpuid relocator mmap
sfs: fshelp
reiserfs: fshelp
part_sunpc:
gfxmenu: trig bitmap_scale gfxterm font normal bitmap video
jfs:
help: extcmd normal
configfile: normal
ohci: cs5536 usb boot pci
afs: fshelp
xzio: gcry_crc
usb_keyboard: keylayouts usb
search_fs_file:
usbms: scsi usb
test_blockarg: extcmd normal
true:
affs: fshelp
iso9660: fshelp
gfxterm: bitmap_scale font extcmd bitmap video
appleldr: boot
xfs: fshelp
functional_test: extcmd
sleep: extcmd normal
memdisk:
gcry_rijndael: crypto
gettext:
gcry_sha1: crypto
cmp:
befs_be: fshelp
usb: pci
hashsum: crypto extcmd normal
halt: acpi
search_fs_uuid:
linux: video boot relocator mmap
keystatus: extcmd
part_sun:
video_bochs: video pci video_fb
bufio:
usbserial_ftdi: serial usb usbserial_common
cpuid: extcmd
hdparm: extcmd
gcry_blowfish: crypto
test:
nilfs2: fshelp
minicmd:
ata: scsi pci
udf: fshelp
gzio:
xnu_uuid: gcry_md5
uhci: usb pci
terminal:
raid:
crypto:
part_bsd: part_msdos
cs5536: pci
gcry_sha512: crypto
password: crypto normal
fshelp:
xnu: bitmap_scale extcmd normal video boot bitmap relocator
mmap:
iorw: extcmd
zfsinfo: zfs
lssal:
blocklist:
ext2: fshelp
part_acorn:
videoinfo: video
btrfs: gzio
lsmmap: mmap
bitmap:
ntfs: fshelp
multiboot: video boot relocator mmap
gcry_crc: crypto
png: bufio bitmap
jpeg: bufio bitmap
regexp: extcmd normal
parttool: normal
usbserial_pl2303: serial usb usbserial_common
cpio:
gcry_rmd160: crypto
fat:
zfs:
raid6rec: raid
lsefisystab:
minix2:
lsacpi: extcmd acpi
loadenv: extcmd
bitmap_scale: bitmap
datehook: datetime normal
probe: extcmd
tar:
loadbios: pci
hfs:
boot:
keylayouts:
kernel:
usbtest: usb
relocator: mmap
acpi: extcmd mmap
tga: bufio bitmap
reboot:
serial: extcmd terminfo
befs: fshelp
efi_uga: video pci video_fb
dm_nv: raid
font: bufio video
raid5rec: raid
datetime:
video:
example_functional_test: functional_test
pci:
hfsplus: fshelp
gcry_cast5: crypto
extcmd:
gcry_whirlpool: crypto
gcry_tiger: crypto
fixvideo: pci
video_fb: video
search: search_fs_uuid search_fs_file extcmd search_label
lspci: extcmd pci
trig:
afs_be: fshelp
msdospart: parttool
gcry_twofish: crypto
testload:
part_apple:
hexdump: extcmd
ata_pthru: ata
pbkdf2: crypto
gcry_sha256: crypto
date: datetime normal
usbserial_common: serial usb
ls: extcmd normal
ntfscomp: ntfs
video_cirrus: video pci video_fb
scsi:
hello: extcmd
normal: terminal gfxterm crypto extcmd boot
cat: extcmd
ufs1:
mdraid09: raid
lvm:
chain: boot
ufs2:
setpci: extcmd pci
search_label:
gptsync:
setjmp:
multiboot2: video boot relocator mmap acpi
gcry_rfc2268: crypto
mdraid1x: raid
play:
part_amiga:
efi_gop: video video_fb
minix:
echo: extcmd
gcry_serpent: crypto
gcry_md4: crypto
gcry_md5: crypto
part_msdos:
gcry_camellia: crypto
at_keyboard: keylayouts boot
